Archiving File Name : National Capital Territory of Delhi_1273293.csv
Source File Path is-- /Users/raja/Documents/WORKSPACE/weatherapp/Output
SOurce File Name is-- National Capital Territory of Delhi_1273293.csv
ArchiveFolderName is-- /Users/raja/Documents/WORKSPACE/weatherapp/Archive
sourceFolder Name is-- /Users/raja/Documents/WORKSPACE/weatherapp/Output
destinationFolder Name is-- /Users/raja/Documents/WORKSPACE/weatherapp/Archive
File Name-->National Capital Territory of Delhi_1273293.csv
Destination File Name-->National Capital Territory of Delhi_1273293_1558173192257.csv
/Users/raja/Documents/WORKSPACE/weatherapp/Archive/National Capital Territory of Delhi_1273293_1558173192257.csv
National Capital Territory of Delhi_1273293.csv is backed up as National Capital Territory of Delhi_1273293_1558173192257.csv
National Capital Territory of Delhi_1273293.csv is deleted
Archiving File Name : Dubai_292223.csv
Source File Path is-- /Users/raja/Documents/WORKSPACE/weatherapp/Output
SOurce File Name is-- Dubai_292223.csv
ArchiveFolderName is-- /Users/raja/Documents/WORKSPACE/weatherapp/Archive
sourceFolder Name is-- /Users/raja/Documents/WORKSPACE/weatherapp/Output
destinationFolder Name is-- /Users/raja/Documents/WORKSPACE/weatherapp/Archive
File Name-->Dubai_292223.csv
Destination File Name-->Dubai_292223_1558173192262.csv
/Users/raja/Documents/WORKSPACE/weatherapp/Archive/Dubai_292223_1558173192262.csv
Dubai_292223.csv is backed up as Dubai_292223_1558173192262.csv
Dubai_292223.csv is deleted
Archiving File Name : Washington_4229546.csv
Source File Path is-- /Users/raja/Documents/WORKSPACE/weatherapp/Output
SOurce File Name is-- Washington_4229546.csv
ArchiveFolderName is-- /Users/raja/Documents/WORKSPACE/weatherapp/Archive
sourceFolder Name is-- /Users/raja/Documents/WORKSPACE/weatherapp/Output
destinationFolder Name is-- /Users/raja/Documents/WORKSPACE/weatherapp/Archive
File Name-->Washington_4229546.csv
Destination File Name-->Washington_4229546_1558173192268.csv
/Users/raja/Documents/WORKSPACE/weatherapp/Archive/Washington_4229546_1558173192268.csv
Washington_4229546.csv is backed up as Washington_4229546_1558173192268.csv
Washington_4229546.csv is deleted
Archiving File Name : Delhi_1273294.csv
Source File Path is-- /Users/raja/Documents/WORKSPACE/weatherapp/Output
SOurce File Name is-- Delhi_1273294.csv
ArchiveFolderName is-- /Users/raja/Documents/WORKSPACE/weatherapp/Archive
sourceFolder Name is-- /Users/raja/Documents/WORKSPACE/weatherapp/Output
destinationFolder Name is-- /Users/raja/Documents/WORKSPACE/weatherapp/Archive
File Name-->Delhi_1273294.csv
Destination File Name-->Delhi_1273294_1558173192274.csv
/Users/raja/Documents/WORKSPACE/weatherapp/Archive/Delhi_1273294_1558173192274.csv
Delhi_1273294.csv is backed up as Delhi_1273294_1558173192274.csv
Delhi_1273294.csv is deleted
Archiving File Name : Dublin_2964574.csv
Source File Path is-- /Users/raja/Documents/WORKSPACE/weatherapp/Output
SOurce File Name is-- Dublin_2964574.csv
ArchiveFolderName is-- /Users/raja/Documents/WORKSPACE/weatherapp/Archive
sourceFolder Name is-- /Users/raja/Documents/WORKSPACE/weatherapp/Output
destinationFolder Name is-- /Users/raja/Documents/WORKSPACE/weatherapp/Archive
File Name-->Dublin_2964574.csv
Destination File Name-->Dublin_2964574_1558173192283.csv
/Users/raja/Documents/WORKSPACE/weatherapp/Archive/Dublin_2964574_1558173192283.csv
Dublin_2964574.csv is backed up as Dublin_2964574_1558173192283.csv
Dublin_2964574.csv is deleted
File Name which has City information : /Users/raja/Documents/WORKSPACE/weatherapp/City_File/CITY_INFO.csv  Csv split by ,
CITY_ID = 2643741 , CITY_NAME=City of London
CITY_ID = 2988507 , CITY_NAME=Paris
CITY_ID = 2964574 , CITY_NAME=Dublin
CITY_ID = 4229546 , CITY_NAME=Washington
CITY_ID = 5128581 , CITY_NAME=New York
CITY_ID = 1273294 , CITY_NAME=Delhi
CITY_ID = 1275339 , CITY_NAME=Mumbai
CITY_ID = 6539761 , CITY_NAME=Rome
CITY_ID = 2950159 , CITY_NAME=Berlin
CITY_ID = 292223 , CITY_NAME=Dubai
CITY_ID = 1273293 , CITY_NAME=National Capital Territory of Delhi
CITY_ID = 1283076 , CITY_NAME=Manangbhot
CITY_ID = 1283150 , CITY_NAME=Lamjung
CITY_ID = 502069 , CITY_NAME=Reshetnikovo
CITY_ID = 480041 , CITY_NAME=Tverskaya Oblast
CITY_ID = 517183 , CITY_NAME=Novyye Berëzki
CITY_ID = 711987 , CITY_NAME=Bobyanskoye
CITY_ID = 509820 , CITY_NAME=Petrozavodsk
CITY_ID = 545633 , CITY_NAME=Kondoka
CITY_ID = 547560 , CITY_NAME=Klimovsk
CITY_ID = 498349 , CITY_NAME=Savëlovo
Map values {2964574=Dublin, 1283150=Lamjung, 2643741=City of London, 4229546=Washington, 1283076=Manangbhot, 292223=Dubai, 711987=Bobyanskoye, 480041=Tverskaya Oblast, 545633=Kondoka, 6539761=Rome, 509820=Petrozavodsk, 517183=Novyye Berëzki, 1273293=National Capital Territory of Delhi, 5128581=New York, 2950159=Berlin, 502069=Reshetnikovo, 547560=Klimovsk, 1273294=Delhi, 1275339=Mumbai, 498349=Savëlovo, 2988507=Paris}
CITY_ID values as key : 2964574
CITY_ID values as key : 1283150
CITY_ID values as key : 2643741
CITY_ID values as key : 4229546
CITY_ID values as key : 1283076
CITY_ID values as key : 292223
CITY_ID values as key : 711987
CITY_ID values as key : 480041
CITY_ID values as key : 545633
CITY_ID values as key : 6539761
CITY_ID values as key : 509820
CITY_ID values as key : 517183
CITY_ID values as key : 1273293
CITY_ID values as key : 5128581
CITY_ID values as key : 2950159
CITY_ID values as key : 502069
CITY_ID values as key : 547560
CITY_ID values as key : 1273294
CITY_ID values as key : 1275339
CITY_ID values as key : 498349
CITY_ID values as key : 2988507
ArrayList length = No of City_ID = : 21
Batch city_id values: 2964574,1283150,2643741,4229546,1283076,292223,711987,480041,545633,6539761,509820,517183,1273293,5128581,2950159,502069,547560,1273294,1275339,498349,
Batch city_id values: 2964574,1283150,2643741,4229546,1283076,292223,711987,480041,545633,6539761,509820,517183,1273293,5128581,2950159,502069,547560,1273294,1275339,498349
http://api.openweathermap.org/data/2.5/group?id=2964574,1283150,2643741,4229546,1283076,292223,711987,480041,545633,6539761,509820,517183,1273293,5128581,2950159,502069,547560,1273294,1275339,498349&units=metric&APPID=aa69195559bd4f88d79f9aadeb77a8f6
Response --{"cnt":20,"list":[{"coord":{"lon":-6.27,"lat":53.34},"sys":{"type":1,"id":1565,"message":0.0054,"country":"IE","sunrise":1558153275,"sunset":1558210918},"weather":[{"id":803,"main":"Clouds","description":"broken clouds","icon":"04d"}],"main":{"temp":12.12,"pressure":1009,"humidity":76,"temp_min":10.56,"temp_max":14.44},"visibility":10000,"wind":{"speed":6.2,"deg":300},"clouds":{"all":75},"dt":1558173193,"id":2964574,"name":"Dublin"},{"coord":{"lon":84.37,"lat":28.2},"sys":{"type":0,"id":0,"message":0.0047,"country":"NP","sunrise":1558135880,"sunset":1558184805},"weather":[{"id":804,"main":"Clouds","description":"overcast clouds","icon":"04d"}],"main":{"temp":2.75,"pressure":1010.33,"humidity":76,"temp_min":2.75,"temp_max":2.75,"sea_level":1010.33,"grnd_level":601.41},"wind":{"speed":5.87,"deg":192.821},"clouds":{"all":85},"dt":1558173193,"id":1283150,"name":"Lamjung"},{"coord":{"lon":-0.09,"lat":51.51},"sys":{"type":1,"id":1414,"message":0.0087,"country":"GB","sunrise":1558152289,"sunset":1558208938},"weather":[{"id":803,"main":"Clouds","description":"broken clouds","icon":"04d"}],"main":{"temp":14.12,"pressure":1006,"humidity":63,"temp_min":11.67,"temp_max":16.11},"visibility":10000,"wind":{"speed":1},"clouds":{"all":75},"dt":1558173193,"id":2643741,"name":"City of London"},{"coord":{"lon":-82.74,"lat":33.74},"sys":{"type":1,"id":4414,"message":0.0048,"country":"US","sunrise":1558175297,"sunset":1558225603},"weather":[{"id":701,"main":"Mist","description":"mist","icon":"50n"}],"main":{"temp":17.83,"pressure":1016,"humidity":93,"temp_min":17.22,"temp_max":18.33},"visibility":11265,"wind":{"speed":1.39,"deg":295.568},"clouds":{"all":1},"dt":1558173193,"id":4229546,"name":"Washington"},{"coord":{"lon":84.02,"lat":28.67},"sys":{"type":0,"id":0,"message":0.0054,"country":"NP","sunrise":1558135910,"sunset":1558184942},"weather":[{"id":801,"main":"Clouds","description":"few clouds","icon":"02d"}],"main":{"temp":5.65,"pressure":1012.3,"humidity":37,"temp_min":5.65,"temp_max":5.65,"sea_level":1012.3,"grnd_level":603.46},"wind":{"speed":5.28,"deg":209.785},"clouds":{"all":13},"dt":1558173193,"id":1283076,"name":"Manangbhot"},{"coord":{"lon":55.3,"lat":25.26},"sys":{"type":1,"id":7537,"message":0.0062,"country":"AE","sunrise":1558143179,"sunset":1558191459},"weather":[{"id":800,"main":"Clear","description":"clear sky","icon":"01d"}],"main":{"temp":36.89,"pressure":1006,"humidity":44,"temp_min":35.56,"temp_max":39},"visibility":10000,"wind":{"speed":8.2,"deg":320},"clouds":{"all":0},"dt":1558173193,"id":292223,"name":"Dubai"},{"coord":{"lon":34.37,"lat":44.65},"sys":{"type":0,"id":0,"message":0.0049,"country":"UA","sunrise":1558145519,"sunset":1558199166},"weather":[{"id":803,"main":"Clouds","description":"broken clouds","icon":"04d"}],"main":{"temp":27.15,"pressure":1006.16,"humidity":53,"temp_min":27.15,"temp_max":27.15,"sea_level":1006.16,"grnd_level":980.91},"wind":{"speed":4.42,"deg":53.825},"clouds":{"all":63},"dt":1558173193,"id":711987,"name":"Bobyanskoye"},{"coord":{"lon":35,"lat":57.01},"sys":{"type":0,"id":0,"message":0.0052,"country":"RU","sunrise":1558142206,"sunset":1558202178},"weather":[{"id":800,"main":"Clear","description":"clear sky","icon":"01d"}],"main":{"temp":18.35,"pressure":1020.05,"humidity":44,"temp_min":18.35,"temp_max":18.35,"sea_level":1020.05,"grnd_level":1000.18},"wind":{"speed":2.56,"deg":347.326},"clouds":{"all":0},"dt":1558173194,"id":480041,"name":"Tverskaya Oblast’"},{"coord":{"lon":30.6,"lat":64.58},"sys":{"type":0,"id":0,"message":0.0055,"country":"RU","sunrise":1558139352,"sunset":1558207143},"weather":[{"id":802,"main":"Clouds","description":"scattered clouds","icon":"03d"}],"main":{"temp":17.15,"pressure":1022.1,"humidity":43,"temp_min":17.15,"temp_max":17.15,"sea_level":1022.1,"grnd_level":1004.88},"wind":{"speed":3.24,"deg":342.196},"clouds":{"all":43},"dt":1558173194,"id":545633,"name":"Kondoka"},{"coord":{"lon":12.64,"lat":41.76},"sys":{"type":1,"id":6792,"message":0.007,"country":"IT","sunrise":1558151240,"sunset":1558203877},"weather":[{"id":521,"main":"Rain","description":"shower rain","icon":"09d"}],"main":{"temp":15.83,"pressure":1004,"humidity":87,"temp_min":12.22,"temp_max":18.33},"visibility":7000,"wind":{"speed":5.7,"deg":180},"clouds":{"all":75},"dt":1558173194,"id":6539761,"name":"Marino"},{"coord":{"lon":34.35,"lat":61.78},"sys":{"type":1,"id":8929,"message":0.0046,"country":"RU","sunrise":1558140254,"sunset":1558204442},"weather":[{"id":800,"main":"Clear","description":"clear sky","icon":"01d"}],"main":{"temp":17,"pressure":1020,"humidity":39,"temp_min":17,"temp_max":17},"visibility":10000,"wind":{"speed":7,"deg":360},"clouds":{"all":0},"dt":1558173194,"id":509820,"name":"Petrozavodsk"},{"coord":{"lon":37.37,"lat":56.87},"sys":{"type":0,"id":0,"message":0.0051,"country":"RU","sunrise":1558141688,"sunset":1558201558},"weather":[{"id":800,"main":"Clear","description":"clear sky","icon":"01d"}],"main":{"temp":18.45,"pressure":1019.68,"humidity":40,"temp_min":18.45,"temp_max":18.45,"sea_level":1019.68,"grnd_level":1003.46},"wind":{"speed":2.05,"deg":355.737},"clouds":{"all":0},"dt":1558173194,"id":517183,"name":"Novyye Berëzki"},{"coord":{"lon":77.25,"lat":28.75},"sys":{"type":1,"id":9161,"message":0.0092,"country":"IN","sunrise":1558137525,"sunset":1558186577},"weather":[{"id":721,"main":"Haze","description":"haze","icon":"50d"}],"main":{"temp":31.99,"pressure":1007,"humidity":46,"temp_min":31,"temp_max":32.78},"visibility":3500,"wind":{"speed":3.1,"deg":290},"clouds":{"all":40},"dt":1558173195,"id":1273293,"name":"National Capital Territory of Delhi"},{"coord":{"lon":-74.01,"lat":40.71},"sys":{"type":1,"id":4686,"message":0.0097,"country":"US","sunrise":1558172195,"sunset":1558224515},"weather":[{"id":800,"main":"Clear","description":"clear sky","icon":"01d"}],"main":{"temp":12.58,"pressure":1013,"humidity":58,"temp_min":8.89,"temp_max":16},"visibility":16093,"wind":{"speed":3.6,"deg":340},"clouds":{"all":1},"dt":1558173195,"id":5128581,"name":"New York"},{"coord":{"lon":13.41,"lat":52.52},"sys":{"type":1,"id":1275,"message":0.0053,"country":"DE","sunrise":1558148785,"sunset":1558205961},"weather":[{"id":801,"main":"Clouds","description":"few clouds","icon":"02d"}],"main":{"temp":21.24,"pressure":1008,"humidity":46,"temp_min":18.89,"temp_max":23.33},"visibility":10000,"wind":{"speed":5.7,"deg":100},"clouds":{"all":20},"dt":1558173195,"id":2950159,"name":"Berlin"},{"coord":{"lon":36.57,"lat":56.45},"sys":{"type":0,"id":0,"message":0.0058,"country":"RU","sunrise":1558142028,"sunset":1558201602},"weather":[{"id":800,"main":"Clear","description":"clear sky","icon":"01d"}],"main":{"temp":19.45,"pressure":1019.65,"humidity":39,"temp_min":19.45,"temp_max":19.45,"sea_level":1019.65,"grnd_level":1001.6},"wind":{"speed":1.81,"deg":354.223},"clouds":{"all":0},"dt":1558173195,"id":502069,"name":"Reshetnikovo"},{"coord":{"lon":37.52,"lat":55.36},"sys":{"type":1,"id":9029,"message":0.0048,"country":"RU","sunrise":1558142165,"sunset":1558201008},"weather":[{"id":800,"main":"Clear","description":"clear sky","icon":"01d"}],"main":{"temp":19.23,"pressure":1019,"humidity":37,"temp_min":18,"temp_max":20},"visibility":10000,"wind":{"speed":5,"deg":320},"clouds":{"all":0},"dt":1558173195,"id":547560,"name":"Klimovsk"},{"coord":{"lon":77.22,"lat":28.67},"sys":{"type":1,"id":9161,"message":0.0052,"country":"IN","sunrise":1558137542,"sunset":1558186575},"weather":[{"id":721,"main":"Haze","description":"haze","icon":"50d"}],"main":{"temp":31.98,"pressure":1007,"humidity":46,"temp_min":31,"temp_max":32.78},"visibility":3500,"wind":{"speed":3.1,"deg":290},"clouds":{"all":40},"dt":1558173195,"id":1273294,"name":"Delhi"},{"coord":{"lon":72.85,"lat":19.01},"sys":{"type":1,"id":9052,"message":0.0052,"country":"IN","sunrise":1558139605,"sunset":1558186609},"weather":[{"id":711,"main":"Smoke","description":"smoke","icon":"50d"}],"main":{"temp":33.5,"pressure":1008,"humidity":63,"temp_min":33,"temp_max":34},"visibility":5000,"wind":{"speed":5.7,"deg":310},"clouds":{"all":20},"dt":1558173195,"id":1275339,"name":"Mumbai"},{"coord":{"lon":37.37,"lat":56.87},"sys":{"type":0,"id":0,"message":0.0051,"country":"RU","sunrise":1558141688,"sunset":1558201558},"weather":[{"id":800,"main":"Clear","description":"clear sky","icon":"01d"}],"main":{"temp":18.45,"pressure":1019.68,"humidity":40,"temp_min":18.45,"temp_max":18.45,"sea_level":1019.68,"grnd_level":1003.46},"wind":{"speed":2.05,"deg":355.737},"clouds":{"all":0},"dt":1558173195,"id":498349,"name":"Savëlovo"}]}
 Total Country Response from Weather Service : 20
 No Of country Response in List of array : 20
Weather File Name : /Users/raja/Documents/WORKSPACE/weatherapp/Output/Dublin_2964574.csv
 List of Weather array : 1
 Weather Report : 803 Clouds broken clouds 04d
 String Buffer value : Dublin,2964574,803,Clouds,broken clouds,04d

Weather File Path --/Users/raja/Documents/WORKSPACE/weatherapp/Output/Dublin_2964574.csv
Weather File Data --City_Name,City_Id,Weather_id,Weather_main,Weather_desc,Weather_icon
Dublin,2964574,803,Clouds,broken clouds,04d

Weather File Name : /Users/raja/Documents/WORKSPACE/weatherapp/Output/Lamjung_1283150.csv
 List of Weather array : 1
 Weather Report : 804 Clouds overcast clouds 04d
 String Buffer value : Lamjung,1283150,804,Clouds,overcast clouds,04d

Weather File Path --/Users/raja/Documents/WORKSPACE/weatherapp/Output/Lamjung_1283150.csv
Weather File Data --City_Name,City_Id,Weather_id,Weather_main,Weather_desc,Weather_icon
Lamjung,1283150,804,Clouds,overcast clouds,04d

Weather File Name : /Users/raja/Documents/WORKSPACE/weatherapp/Output/City of London_2643741.csv
 List of Weather array : 1
 Weather Report : 803 Clouds broken clouds 04d
 String Buffer value : City of London,2643741,803,Clouds,broken clouds,04d

Weather File Path --/Users/raja/Documents/WORKSPACE/weatherapp/Output/City of London_2643741.csv
Weather File Data --City_Name,City_Id,Weather_id,Weather_main,Weather_desc,Weather_icon
City of London,2643741,803,Clouds,broken clouds,04d

Weather File Name : /Users/raja/Documents/WORKSPACE/weatherapp/Output/Washington_4229546.csv
 List of Weather array : 1
 Weather Report : 701 Mist mist 50n
 String Buffer value : Washington,4229546,701,Mist,mist,50n

Weather File Path --/Users/raja/Documents/WORKSPACE/weatherapp/Output/Washington_4229546.csv
Weather File Data --City_Name,City_Id,Weather_id,Weather_main,Weather_desc,Weather_icon
Washington,4229546,701,Mist,mist,50n

Weather File Name : /Users/raja/Documents/WORKSPACE/weatherapp/Output/Manangbhot_1283076.csv
 List of Weather array : 1
 Weather Report : 801 Clouds few clouds 02d
 String Buffer value : Manangbhot,1283076,801,Clouds,few clouds,02d

Weather File Path --/Users/raja/Documents/WORKSPACE/weatherapp/Output/Manangbhot_1283076.csv
Weather File Data --City_Name,City_Id,Weather_id,Weather_main,Weather_desc,Weather_icon
Manangbhot,1283076,801,Clouds,few clouds,02d

Weather File Name : /Users/raja/Documents/WORKSPACE/weatherapp/Output/Dubai_292223.csv
 List of Weather array : 1
 Weather Report : 800 Clear clear sky 01d
 String Buffer value : Dubai,292223,800,Clear,clear sky,01d

Weather File Path --/Users/raja/Documents/WORKSPACE/weatherapp/Output/Dubai_292223.csv
Weather File Data --City_Name,City_Id,Weather_id,Weather_main,Weather_desc,Weather_icon
Dubai,292223,800,Clear,clear sky,01d

Weather File Name : /Users/raja/Documents/WORKSPACE/weatherapp/Output/Bobyanskoye_711987.csv
 List of Weather array : 1
 Weather Report : 803 Clouds broken clouds 04d
 String Buffer value : Bobyanskoye,711987,803,Clouds,broken clouds,04d

Weather File Path --/Users/raja/Documents/WORKSPACE/weatherapp/Output/Bobyanskoye_711987.csv
Weather File Data --City_Name,City_Id,Weather_id,Weather_main,Weather_desc,Weather_icon
Bobyanskoye,711987,803,Clouds,broken clouds,04d

Weather File Name : /Users/raja/Documents/WORKSPACE/weatherapp/Output/Tverskaya Oblast’_480041.csv
 List of Weather array : 1
 Weather Report : 800 Clear clear sky 01d
 String Buffer value : Tverskaya Oblast’,480041,800,Clear,clear sky,01d

Weather File Path --/Users/raja/Documents/WORKSPACE/weatherapp/Output/Tverskaya Oblast’_480041.csv
Weather File Data --City_Name,City_Id,Weather_id,Weather_main,Weather_desc,Weather_icon
Tverskaya Oblast’,480041,800,Clear,clear sky,01d

Weather File Name : /Users/raja/Documents/WORKSPACE/weatherapp/Output/Kondoka_545633.csv
 List of Weather array : 1
 Weather Report : 802 Clouds scattered clouds 03d
 String Buffer value : Kondoka,545633,802,Clouds,scattered clouds,03d

Weather File Path --/Users/raja/Documents/WORKSPACE/weatherapp/Output/Kondoka_545633.csv
Weather File Data --City_Name,City_Id,Weather_id,Weather_main,Weather_desc,Weather_icon
Kondoka,545633,802,Clouds,scattered clouds,03d

Weather File Name : /Users/raja/Documents/WORKSPACE/weatherapp/Output/Marino_6539761.csv
 List of Weather array : 1
 Weather Report : 521 Rain shower rain 09d
 String Buffer value : Marino,6539761,521,Rain,shower rain,09d

Weather File Path --/Users/raja/Documents/WORKSPACE/weatherapp/Output/Marino_6539761.csv
Weather File Data --City_Name,City_Id,Weather_id,Weather_main,Weather_desc,Weather_icon
Marino,6539761,521,Rain,shower rain,09d

Weather File Name : /Users/raja/Documents/WORKSPACE/weatherapp/Output/Petrozavodsk_509820.csv
 List of Weather array : 1
 Weather Report : 800 Clear clear sky 01d
 String Buffer value : Petrozavodsk,509820,800,Clear,clear sky,01d

Weather File Path --/Users/raja/Documents/WORKSPACE/weatherapp/Output/Petrozavodsk_509820.csv
Weather File Data --City_Name,City_Id,Weather_id,Weather_main,Weather_desc,Weather_icon
Petrozavodsk,509820,800,Clear,clear sky,01d

Weather File Name : /Users/raja/Documents/WORKSPACE/weatherapp/Output/Novyye Berëzki_517183.csv
 List of Weather array : 1
 Weather Report : 800 Clear clear sky 01d
 String Buffer value : Novyye Berëzki,517183,800,Clear,clear sky,01d

Weather File Path --/Users/raja/Documents/WORKSPACE/weatherapp/Output/Novyye Berëzki_517183.csv
Weather File Data --City_Name,City_Id,Weather_id,Weather_main,Weather_desc,Weather_icon
Novyye Berëzki,517183,800,Clear,clear sky,01d

Weather File Name : /Users/raja/Documents/WORKSPACE/weatherapp/Output/National Capital Territory of Delhi_1273293.csv
 List of Weather array : 1
 Weather Report : 721 Haze haze 50d
 String Buffer value : National Capital Territory of Delhi,1273293,721,Haze,haze,50d

Weather File Path --/Users/raja/Documents/WORKSPACE/weatherapp/Output/National Capital Territory of Delhi_1273293.csv
Weather File Data --City_Name,City_Id,Weather_id,Weather_main,Weather_desc,Weather_icon
National Capital Territory of Delhi,1273293,721,Haze,haze,50d

Weather File Name : /Users/raja/Documents/WORKSPACE/weatherapp/Output/New York_5128581.csv
 List of Weather array : 1
 Weather Report : 800 Clear clear sky 01d
 String Buffer value : New York,5128581,800,Clear,clear sky,01d

Weather File Path --/Users/raja/Documents/WORKSPACE/weatherapp/Output/New York_5128581.csv
Weather File Data --City_Name,City_Id,Weather_id,Weather_main,Weather_desc,Weather_icon
New York,5128581,800,Clear,clear sky,01d

Weather File Name : /Users/raja/Documents/WORKSPACE/weatherapp/Output/Berlin_2950159.csv
 List of Weather array : 1
 Weather Report : 801 Clouds few clouds 02d
 String Buffer value : Berlin,2950159,801,Clouds,few clouds,02d

Weather File Path --/Users/raja/Documents/WORKSPACE/weatherapp/Output/Berlin_2950159.csv
Weather File Data --City_Name,City_Id,Weather_id,Weather_main,Weather_desc,Weather_icon
Berlin,2950159,801,Clouds,few clouds,02d

Weather File Name : /Users/raja/Documents/WORKSPACE/weatherapp/Output/Reshetnikovo_502069.csv
 List of Weather array : 1
 Weather Report : 800 Clear clear sky 01d
 String Buffer value : Reshetnikovo,502069,800,Clear,clear sky,01d

Weather File Path --/Users/raja/Documents/WORKSPACE/weatherapp/Output/Reshetnikovo_502069.csv
Weather File Data --City_Name,City_Id,Weather_id,Weather_main,Weather_desc,Weather_icon
Reshetnikovo,502069,800,Clear,clear sky,01d

Weather File Name : /Users/raja/Documents/WORKSPACE/weatherapp/Output/Klimovsk_547560.csv
 List of Weather array : 1
 Weather Report : 800 Clear clear sky 01d
 String Buffer value : Klimovsk,547560,800,Clear,clear sky,01d

Weather File Path --/Users/raja/Documents/WORKSPACE/weatherapp/Output/Klimovsk_547560.csv
Weather File Data --City_Name,City_Id,Weather_id,Weather_main,Weather_desc,Weather_icon
Klimovsk,547560,800,Clear,clear sky,01d

Weather File Name : /Users/raja/Documents/WORKSPACE/weatherapp/Output/Delhi_1273294.csv
 List of Weather array : 1
 Weather Report : 721 Haze haze 50d
 String Buffer value : Delhi,1273294,721,Haze,haze,50d

Weather File Path --/Users/raja/Documents/WORKSPACE/weatherapp/Output/Delhi_1273294.csv
Weather File Data --City_Name,City_Id,Weather_id,Weather_main,Weather_desc,Weather_icon
Delhi,1273294,721,Haze,haze,50d

Weather File Name : /Users/raja/Documents/WORKSPACE/weatherapp/Output/Mumbai_1275339.csv
 List of Weather array : 1
 Weather Report : 711 Smoke smoke 50d
 String Buffer value : Mumbai,1275339,711,Smoke,smoke,50d

Weather File Path --/Users/raja/Documents/WORKSPACE/weatherapp/Output/Mumbai_1275339.csv
Weather File Data --City_Name,City_Id,Weather_id,Weather_main,Weather_desc,Weather_icon
Mumbai,1275339,711,Smoke,smoke,50d

Weather File Name : /Users/raja/Documents/WORKSPACE/weatherapp/Output/Savëlovo_498349.csv
 List of Weather array : 1
 Weather Report : 800 Clear clear sky 01d
 String Buffer value : Savëlovo,498349,800,Clear,clear sky,01d

Weather File Path --/Users/raja/Documents/WORKSPACE/weatherapp/Output/Savëlovo_498349.csv
Weather File Data --City_Name,City_Id,Weather_id,Weather_main,Weather_desc,Weather_icon
Savëlovo,498349,800,Clear,clear sky,01d

Batch city_id values: 2988507,
Batch city_id values: 2988507
http://api.openweathermap.org/data/2.5/group?id=2988507&units=metric&APPID=aa69195559bd4f88d79f9aadeb77a8f6
Response --{"cnt":1,"list":[{"coord":{"lon":2.35,"lat":48.85},"sys":{"type":1,"id":6550,"message":0.0058,"country":"FR","sunrise":1558152342,"sunset":1558207714},"weather":[{"id":803,"main":"Clouds","description":"broken clouds","icon":"04d"}],"main":{"temp":14.3,"pressure":1005,"humidity":82,"temp_min":12.78,"temp_max":15.56},"visibility":10000,"wind":{"speed":3.1,"deg":150},"clouds":{"all":75},"dt":1558173195,"id":2988507,"name":"Paris"}]}
 Total Country Response from Weather Service : 1
 No Of country Response in List of array : 1
Weather File Name : /Users/raja/Documents/WORKSPACE/weatherapp/Output/Paris_2988507.csv
 List of Weather array : 1
 Weather Report : 803 Clouds broken clouds 04d
 String Buffer value : Paris,2988507,803,Clouds,broken clouds,04d

Weather File Path --/Users/raja/Documents/WORKSPACE/weatherapp/Output/Paris_2988507.csv
Weather File Data --City_Name,City_Id,Weather_id,Weather_main,Weather_desc,Weather_icon
Paris,2988507,803,Clouds,broken clouds,04d

Archiving Folder Name : /Users/raja/Documents/WORKSPACE/weatherapp/City_File
Total no of FIles inside Archiving Folder : 1
Archiving File Name : CITY_INFO.csv
Source File Path is-- /Users/raja/Documents/WORKSPACE/weatherapp/City_File
SOurce File Name is-- CITY_INFO.csv
ArchiveFolderName is-- /Users/raja/Documents/WORKSPACE/weatherapp/Archive
sourceFolder Name is-- /Users/raja/Documents/WORKSPACE/weatherapp/City_File
destinationFolder Name is-- /Users/raja/Documents/WORKSPACE/weatherapp/Archive
File Name-->CITY_INFO.csv
Destination File Name-->CITY_INFO_1558173195891.csv
/Users/raja/Documents/WORKSPACE/weatherapp/Archive/CITY_INFO_1558173195891.csv
CITY_INFO.csv is backed up as CITY_INFO_1558173195891.csv
CITY_INFO.csv is deleted
Archiving Folder Name : /Users/raja/Documents/WORKSPACE/weatherapp/Output
Total no of FIles inside Archiving Folder : 22
Archiving File Name : Klimovsk_547560.csv
Source File Path is-- /Users/raja/Documents/WORKSPACE/weatherapp/Output
SOurce File Name is-- Klimovsk_547560.csv
ArchiveFolderName is-- /Users/raja/Documents/WORKSPACE/weatherapp/Archive
sourceFolder Name is-- /Users/raja/Documents/WORKSPACE/weatherapp/Output
destinationFolder Name is-- /Users/raja/Documents/WORKSPACE/weatherapp/Archive
File Name-->Klimovsk_547560.csv
Destination File Name-->Klimovsk_547560_1558175289700.csv
/Users/raja/Documents/WORKSPACE/weatherapp/Archive/Klimovsk_547560_1558175289700.csv
Klimovsk_547560.csv is backed up as Klimovsk_547560_1558175289700.csv
Klimovsk_547560.csv is deleted
Archiving File Name : Novyye Berëzki_517183.csv
Source File Path is-- /Users/raja/Documents/WORKSPACE/weatherapp/Output
SOurce File Name is-- Novyye Berëzki_517183.csv
ArchiveFolderName is-- /Users/raja/Documents/WORKSPACE/weatherapp/Archive
sourceFolder Name is-- /Users/raja/Documents/WORKSPACE/weatherapp/Output
destinationFolder Name is-- /Users/raja/Documents/WORKSPACE/weatherapp/Archive
File Name-->Novyye Berëzki_517183.csv
Destination File Name-->Novyye Berëzki_517183_1558175289732.csv
/Users/raja/Documents/WORKSPACE/weatherapp/Archive/Novyye Berëzki_517183_1558175289732.csv
Novyye Berëzki_517183.csv is backed up as Novyye Berëzki_517183_1558175289732.csv
Novyye Berëzki_517183.csv is deleted
Archiving File Name : Manangbhot_1283076.csv
Source File Path is-- /Users/raja/Documents/WORKSPACE/weatherapp/Output
SOurce File Name is-- Manangbhot_1283076.csv
ArchiveFolderName is-- /Users/raja/Documents/WORKSPACE/weatherapp/Archive
sourceFolder Name is-- /Users/raja/Documents/WORKSPACE/weatherapp/Output
destinationFolder Name is-- /Users/raja/Documents/WORKSPACE/weatherapp/Archive
File Name-->Manangbhot_1283076.csv
Destination File Name-->Manangbhot_1283076_1558175289742.csv
/Users/raja/Documents/WORKSPACE/weatherapp/Archive/Manangbhot_1283076_1558175289742.csv
Manangbhot_1283076.csv is backed up as Manangbhot_1283076_1558175289742.csv
Manangbhot_1283076.csv is deleted
Archiving File Name : Paris_2988507.csv
Source File Path is-- /Users/raja/Documents/WORKSPACE/weatherapp/Output
SOurce File Name is-- Paris_2988507.csv
ArchiveFolderName is-- /Users/raja/Documents/WORKSPACE/weatherapp/Archive
sourceFolder Name is-- /Users/raja/Documents/WORKSPACE/weatherapp/Output
destinationFolder Name is-- /Users/raja/Documents/WORKSPACE/weatherapp/Archive
File Name-->Paris_2988507.csv
Destination File Name-->Paris_2988507_1558175289751.csv
/Users/raja/Documents/WORKSPACE/weatherapp/Archive/Paris_2988507_1558175289751.csv
Paris_2988507.csv is backed up as Paris_2988507_1558175289751.csv
Paris_2988507.csv is deleted
Archiving File Name : Berlin_2950159.csv
Source File Path is-- /Users/raja/Documents/WORKSPACE/weatherapp/Output
SOurce File Name is-- Berlin_2950159.csv
ArchiveFolderName is-- /Users/raja/Documents/WORKSPACE/weatherapp/Archive
sourceFolder Name is-- /Users/raja/Documents/WORKSPACE/weatherapp/Output
destinationFolder Name is-- /Users/raja/Documents/WORKSPACE/weatherapp/Archive
File Name-->Berlin_2950159.csv
Destination File Name-->Berlin_2950159_1558175289759.csv
/Users/raja/Documents/WORKSPACE/weatherapp/Archive/Berlin_2950159_1558175289759.csv
Berlin_2950159.csv is backed up as Berlin_2950159_1558175289759.csv
Berlin_2950159.csv is deleted
Archiving File Name : Marino_6539761.csv
Source File Path is-- /Users/raja/Documents/WORKSPACE/weatherapp/Output
SOurce File Name is-- Marino_6539761.csv
ArchiveFolderName is-- /Users/raja/Documents/WORKSPACE/weatherapp/Archive
sourceFolder Name is-- /Users/raja/Documents/WORKSPACE/weatherapp/Output
destinationFolder Name is-- /Users/raja/Documents/WORKSPACE/weatherapp/Archive
File Name-->Marino_6539761.csv
Destination File Name-->Marino_6539761_1558175289766.csv
/Users/raja/Documents/WORKSPACE/weatherapp/Archive/Marino_6539761_1558175289766.csv
Marino_6539761.csv is backed up as Marino_6539761_1558175289766.csv
Marino_6539761.csv is deleted
Archiving File Name : Mumbai_1275339.csv
Source File Path is-- /Users/raja/Documents/WORKSPACE/weatherapp/Output
SOurce File Name is-- Mumbai_1275339.csv
ArchiveFolderName is-- /Users/raja/Documents/WORKSPACE/weatherapp/Archive
sourceFolder Name is-- /Users/raja/Documents/WORKSPACE/weatherapp/Output
destinationFolder Name is-- /Users/raja/Documents/WORKSPACE/weatherapp/Archive
File Name-->Mumbai_1275339.csv
Destination File Name-->Mumbai_1275339_1558175289772.csv
/Users/raja/Documents/WORKSPACE/weatherapp/Archive/Mumbai_1275339_1558175289772.csv
Mumbai_1275339.csv is backed up as Mumbai_1275339_1558175289772.csv
Mumbai_1275339.csv is deleted
Archiving File Name : Bobyanskoye_711987.csv
Source File Path is-- /Users/raja/Documents/WORKSPACE/weatherapp/Output
SOurce File Name is-- Bobyanskoye_711987.csv
ArchiveFolderName is-- /Users/raja/Documents/WORKSPACE/weatherapp/Archive
sourceFolder Name is-- /Users/raja/Documents/WORKSPACE/weatherapp/Output
destinationFolder Name is-- /Users/raja/Documents/WORKSPACE/weatherapp/Archive
File Name-->Bobyanskoye_711987.csv
Destination File Name-->Bobyanskoye_711987_1558175289781.csv
/Users/raja/Documents/WORKSPACE/weatherapp/Archive/Bobyanskoye_711987_1558175289781.csv
Bobyanskoye_711987.csv is backed up as Bobyanskoye_711987_1558175289781.csv
Bobyanskoye_711987.csv is deleted
Archiving File Name : Tverskaya Oblast’_480041.csv
Source File Path is-- /Users/raja/Documents/WORKSPACE/weatherapp/Output
SOurce File Name is-- Tverskaya Oblast’_480041.csv
ArchiveFolderName is-- /Users/raja/Documents/WORKSPACE/weatherapp/Archive
sourceFolder Name is-- /Users/raja/Documents/WORKSPACE/weatherapp/Output
destinationFolder Name is-- /Users/raja/Documents/WORKSPACE/weatherapp/Archive
File Name-->Tverskaya Oblast’_480041.csv
Destination File Name-->Tverskaya Oblast’_480041_1558175289789.csv
/Users/raja/Documents/WORKSPACE/weatherapp/Archive/Tverskaya Oblast’_480041_1558175289789.csv
Tverskaya Oblast’_480041.csv is backed up as Tverskaya Oblast’_480041_1558175289789.csv
Tverskaya Oblast’_480041.csv is deleted
Archiving File Name : Petrozavodsk_509820.csv
Source File Path is-- /Users/raja/Documents/WORKSPACE/weatherapp/Output
SOurce File Name is-- Petrozavodsk_509820.csv
ArchiveFolderName is-- /Users/raja/Documents/WORKSPACE/weatherapp/Archive
sourceFolder Name is-- /Users/raja/Documents/WORKSPACE/weatherapp/Output
destinationFolder Name is-- /Users/raja/Documents/WORKSPACE/weatherapp/Archive
File Name-->Petrozavodsk_509820.csv
Destination File Name-->Petrozavodsk_509820_1558175289796.csv
/Users/raja/Documents/WORKSPACE/weatherapp/Archive/Petrozavodsk_509820_1558175289796.csv
Petrozavodsk_509820.csv is backed up as Petrozavodsk_509820_1558175289796.csv
Petrozavodsk_509820.csv is deleted
Archiving File Name : Kondoka_545633.csv
Source File Path is-- /Users/raja/Documents/WORKSPACE/weatherapp/Output
SOurce File Name is-- Kondoka_545633.csv
ArchiveFolderName is-- /Users/raja/Documents/WORKSPACE/weatherapp/Archive
sourceFolder Name is-- /Users/raja/Documents/WORKSPACE/weatherapp/Output
destinationFolder Name is-- /Users/raja/Documents/WORKSPACE/weatherapp/Archive
File Name-->Kondoka_545633.csv
Destination File Name-->Kondoka_545633_1558175289802.csv
/Users/raja/Documents/WORKSPACE/weatherapp/Archive/Kondoka_545633_1558175289802.csv
Kondoka_545633.csv is backed up as Kondoka_545633_1558175289802.csv
Kondoka_545633.csv is deleted
Archiving File Name : Lamjung_1283150.csv
Source File Path is-- /Users/raja/Documents/WORKSPACE/weatherapp/Output
SOurce File Name is-- Lamjung_1283150.csv
ArchiveFolderName is-- /Users/raja/Documents/WORKSPACE/weatherapp/Archive
sourceFolder Name is-- /Users/raja/Documents/WORKSPACE/weatherapp/Output
destinationFolder Name is-- /Users/raja/Documents/WORKSPACE/weatherapp/Archive
File Name-->Lamjung_1283150.csv
Destination File Name-->Lamjung_1283150_1558175289823.csv
/Users/raja/Documents/WORKSPACE/weatherapp/Archive/Lamjung_1283150_1558175289823.csv
Lamjung_1283150.csv is backed up as Lamjung_1283150_1558175289823.csv
Lamjung_1283150.csv is deleted
Archiving File Name : Reshetnikovo_502069.csv
Source File Path is-- /Users/raja/Documents/WORKSPACE/weatherapp/Output
SOurce File Name is-- Reshetnikovo_502069.csv
ArchiveFolderName is-- /Users/raja/Documents/WORKSPACE/weatherapp/Archive
sourceFolder Name is-- /Users/raja/Documents/WORKSPACE/weatherapp/Output
destinationFolder Name is-- /Users/raja/Documents/WORKSPACE/weatherapp/Archive
File Name-->Reshetnikovo_502069.csv
Destination File Name-->Reshetnikovo_502069_1558175289830.csv
/Users/raja/Documents/WORKSPACE/weatherapp/Archive/Reshetnikovo_502069_1558175289830.csv
Reshetnikovo_502069.csv is backed up as Reshetnikovo_502069_1558175289830.csv
Reshetnikovo_502069.csv is deleted
Archiving File Name : City of London_2643741.csv
Source File Path is-- /Users/raja/Documents/WORKSPACE/weatherapp/Output
SOurce File Name is-- City of London_2643741.csv
ArchiveFolderName is-- /Users/raja/Documents/WORKSPACE/weatherapp/Archive
sourceFolder Name is-- /Users/raja/Documents/WORKSPACE/weatherapp/Output
destinationFolder Name is-- /Users/raja/Documents/WORKSPACE/weatherapp/Archive
File Name-->City of London_2643741.csv
Destination File Name-->City of London_2643741_1558175289835.csv
/Users/raja/Documents/WORKSPACE/weatherapp/Archive/City of London_2643741_1558175289835.csv
City of London_2643741.csv is backed up as City of London_2643741_1558175289835.csv
City of London_2643741.csv is deleted
Archiving File Name : New York_5128581.csv
Source File Path is-- /Users/raja/Documents/WORKSPACE/weatherapp/Output
SOurce File Name is-- New York_5128581.csv
ArchiveFolderName is-- /Users/raja/Documents/WORKSPACE/weatherapp/Archive
sourceFolder Name is-- /Users/raja/Documents/WORKSPACE/weatherapp/Output
destinationFolder Name is-- /Users/raja/Documents/WORKSPACE/weatherapp/Archive
File Name-->New York_5128581.csv
Destination File Name-->New York_5128581_1558175289841.csv
/Users/raja/Documents/WORKSPACE/weatherapp/Archive/New York_5128581_1558175289841.csv
New York_5128581.csv is backed up as New York_5128581_1558175289841.csv
New York_5128581.csv is deleted
Archiving File Name : Savëlovo_498349.csv
Source File Path is-- /Users/raja/Documents/WORKSPACE/weatherapp/Output
SOurce File Name is-- Savëlovo_498349.csv
ArchiveFolderName is-- /Users/raja/Documents/WORKSPACE/weatherapp/Archive
sourceFolder Name is-- /Users/raja/Documents/WORKSPACE/weatherapp/Output
destinationFolder Name is-- /Users/raja/Documents/WORKSPACE/weatherapp/Archive
File Name-->Savëlovo_498349.csv
Destination File Name-->Savëlovo_498349_1558175289847.csv
/Users/raja/Documents/WORKSPACE/weatherapp/Archive/Savëlovo_498349_1558175289847.csv
Savëlovo_498349.csv is backed up as Savëlovo_498349_1558175289847.csv
Savëlovo_498349.csv is deleted
Archiving File Name : InterfaceRun.log
Source File Path is-- /Users/raja/Documents/WORKSPACE/weatherapp/Output
SOurce File Name is-- InterfaceRun.log
ArchiveFolderName is-- /Users/raja/Documents/WORKSPACE/weatherapp/Archive
sourceFolder Name is-- /Users/raja/Documents/WORKSPACE/weatherapp/Output
destinationFolder Name is-- /Users/raja/Documents/WORKSPACE/weatherapp/Archive
File Name-->InterfaceRun.log
Destination File Name-->InterfaceRun_1558175289858.log
/Users/raja/Documents/WORKSPACE/weatherapp/Archive/InterfaceRun_1558175289858.log
